commit 0fd68342b1334927b10291b3d303e5eda5adc0a9
Author: Glenn Downing <downing@cs.utexas.edu>
Date:   Sun May 10 22:18:22 2015 -0500

    another commit

commit 2359df15931fe5c893c759f61ce8c002c877d46d
Author: Glenn Downing <downing@cs.utexas.edu>
Date:   Sun May 10 21:59:49 2015 -0500

    another commit

commit be696a3852844edb933ca430eab8a0706d9efebc
Author: Glenn Downing <downing@cs.utexas.edu>
Date:   Sun May 10 21:20:53 2015 -0500

    another commit

commit 01068ad775d1167bdcfcce8133cffd4970b0a244
Author: Glenn Downing <downing@cs.utexas.edu>
Date:   Sun May 10 21:18:06 2015 -0500

    another commit

commit c3d3942c03d23a81bd539da026b100c5b7e2a79a
Author: Glenn Downing <downing@cs.utexas.edu>
Date:   Sun May 10 21:09:50 2015 -0500

    another commit

commit 92be04e2ec6e76740d0aa88d093778958ffd7c5b
Author: Glenn Downing <downing@cs.utexas.edu>
Date:   Sun May 10 19:29:42 2015 -0500

    another commit

commit e7d7182313db11d7a05b745673fa6c53ff5c638a
Author: Glenn Downing <downing@cs.utexas.edu>
Date:   Sun May 10 18:51:49 2015 -0500

    another commit

commit 2eeabff8ab26854b810fd076ce67d2cdadb934ca
Author: Glenn Downing <downing@cs.utexas.edu>
Date:   Sun May 10 18:50:07 2015 -0500

    another commit

commit c363c6d2b4ce8d0e89d9d7629c340b4062d2c790
Author: Glenn Downing <downing@cs.utexas.edu>
Date:   Sun May 10 12:55:14 2015 -0500

    first commit
